<?xml version="1.0" encoding="UTF-8"?>
<testsuite xmlns:xsi="http://www.w3.org/2001/XMLSchema-instance" xsi:noNamespaceSchemaLocation="https://maven.apache.org/surefire/maven-surefire-plugin/xsd/surefire-test-report.xsd" version="3.0.2" name="com.example.job_platform.JobPlatformApplicationTests" time="1.484" tests="1" errors="0" skipped="0" failures="0">
  <properties>
[...]
</properties>
  <testcase name="contextLoads" classname="com.example.job_platform.JobPlatformApplicationTests" time="0.355">
    <system-out><![CDATA[12:31:24.615 [main] INFO org.springframework.test.context.support.AnnotationConfigContextLoaderUtils -- Could not detect default configuration classes for test class [com.example.job_platform.JobPlatformApplicationTests]: JobPlatformApplicationTests does not declare any static, non-private, non-final, nested classes annotated with @Configuration.
12:31:24.668 [main] INFO org.springframework.boot.test.context.SpringBootTestContextBootstrapper -- Found @SpringBootConfiguration com.example.job_platform.JobPlatformAuthApplication for test class com.example.job_platform.JobPlatformApplicationTests

  .   ____          _            __ _ _
 /\\ / ___'_ __ _ _(_)_ __  __ _ \ \ \ \
( ( )\___ | '_ | '_| | '_ \/ _` | \ \ \ \
 \\/  ___)| |_)| | | | | || (_| |  ) ) ) )
  '  |____| .__|_| |_|_| |_\__, | / / / /
 =========|_|==============|___/=/_/_/_/

 :: Spring Boot ::                (v3.5.3)

2025-06-28T12:31:24.836+05:30  INFO 28234 --- [job-platform] [           main] c.e.j.JobPlatformApplicationTests        : Starting JobPlatformApplicationTests using Java 24.0.1 with PID 28234 (started by varundandamudi in /Users/varundandamudi/vs/gdg/mngdb/job-platform)
2025-06-28T12:31:24.837+05:30  INFO 28234 --- [job-platform] [           main] c.e.j.JobPlatformApplicationTests        : No active profile set, falling back to 1 default profile: "default"
2025-06-28T12:31:25.004+05:30  INFO 28234 --- [job-platform] [           main] .s.d.r.c.RepositoryConfigurationDelegate : Bootstrapping Spring Data MongoDB repositories in DEFAULT mode.
2025-06-28T12:31:25.020+05:30  INFO 28234 --- [job-platform] [           main] .s.d.r.c.RepositoryConfigurationDelegate : Finished Spring Data repository scanning in 13 ms. Found 2 MongoDB repository interfaces.
2025-06-28T12:31:25.336+05:30  INFO 28234 --- [job-platform] [           main] org.mongodb.driver.client                : MongoClient with metadata {"application": {"name": "Cluster0"}, "driver": {"name": "mongo-java-driver|sync|spring-boot", "version": "5.5.1"}, "os": {"type": "Darwin", "name": "Mac OS X", "architecture": "aarch64", "version": "15.5"}, "platform": "Java/Oracle Corporation/24.0.1+9-30"} created with settings MongoClientSettings{readPreference=primary, writeConcern=WriteConcern{w=majority, wTimeout=null ms, journal=null}, retryWrites=true, retryReads=true, readConcern=ReadConcern{level=null}, credential=MongoCredential{mechanism=null, userName='varunsnap6', source='admin', password=<hidden>, mechanismProperties=<hidden>}, transportSettings=null, commandListeners=[], codecRegistry=ProvidersCodecRegistry{codecProviders=[ValueCodecProvider{}, BsonValueCodecProvider{}, DBRefCodecProvider{}, DBObjectCodecProvider{}, DocumentCodecProvider{}, CollectionCodecProvider{}, IterableCodecProvider{}, MapCodecProvider{}, GeoJsonCodecProvider{}, GridFSFileCodecProvider{}, Jsr310CodecProvider{}, JsonObjectCodecProvider{}, BsonCodecProvider{}, EnumCodecProvider{}, com.mongodb.client.model.mql.ExpressionCodecProvider@6ea246af, com.mongodb.Jep395RecordCodecProvider@2e4389ed, com.mongodb.KotlinCodecProvider@1b90fee4]}, loggerSettings=LoggerSettings{maxDocumentLength=1000}, clusterSettings={hosts=[127.0.0.1:27017], srvHost=cluster0.xmjaluc.mongodb.net, srvServiceName=mongodb, mode=MULTIPLE, requiredClusterType=REPLICA_SET, requiredReplicaSetName='atlas-24lnw2-shard-0', serverSelector='null', clusterListeners='[]', serverSelectionTimeout='30000 ms', localThreshold='15 ms'}, socketSettings=SocketSettings{connectTimeoutMS=10000, readTimeoutMS=0, receiveBufferSize=0, proxySettings=ProxySettings{host=null, port=null, username=null, password=null}}, heartbeatSocketSettings=SocketSettings{connectTimeoutMS=10000, readTimeoutMS=10000, receiveBufferSize=0, proxySettings=ProxySettings{host=null, port=null, username=null, password=null}}, connectionPoolSettings=ConnectionPoolSettings{maxSize=100, minSize=0, maxWaitTimeMS=120000, maxConnectionLifeTimeMS=0, maxConnectionIdleTimeMS=0, maintenanceInitialDelayMS=0, maintenanceFrequencyMS=60000, connectionPoolListeners=[], maxConnecting=2}, serverSettings=ServerSettings{heartbeatFrequencyMS=10000, minHeartbeatFrequencyMS=500, serverMonitoringMode=AUTO, serverListeners='[]', serverMonitorListeners='[]'}, sslSettings=SslSettings{enabled=true, invalidHostNameAllowed=false, context=null}, applicationName='Cluster0', compressorList=[], uuidRepresentation=JAVA_LEGACY, serverApi=null, autoEncryptionSettings=null, dnsClient=null, inetAddressResolver=null, contextProvider=null, timeoutMS=null}
2025-06-28T12:31:25.559+05:30  WARN 28234 --- [job-platform] [           main] .s.s.UserDetailsServiceAutoConfiguration : 

Using generated security password: 583ec48a-72e4-4049-a01b-567006762dc4

This generated password is for development use only. Your security configuration must be updated before running your application in production.

2025-06-28T12:31:25.561+05:30  INFO 28234 --- [job-platform] [           main] r$InitializeUserDetailsManagerConfigurer : Global AuthenticationManager configured with UserDetailsService bean with name inMemoryUserDetailsManager
2025-06-28T12:31:25.578+05:30  INFO 28234 --- [job-platform] [luc.mongodb.net] org.mongodb.driver.cluster               : Adding discovered server ac-leybkvh-shard-00-00.xmjaluc.mongodb.net:27017 to client view of cluster
2025-06-28T12:31:25.590+05:30  INFO 28234 --- [job-platform] [luc.mongodb.net] org.mongodb.driver.cluster               : Adding discovered server ac-leybkvh-shard-00-02.xmjaluc.mongodb.net:27017 to client view of cluster
2025-06-28T12:31:25.591+05:30  INFO 28234 --- [job-platform] [luc.mongodb.net] org.mongodb.driver.cluster               : Adding discovered server ac-leybkvh-shard-00-01.xmjaluc.mongodb.net:27017 to client view of cluster
2025-06-28T12:31:25.680+05:30  INFO 28234 --- [job-platform] [           main] c.e.j.JobPlatformApplicationTests        : Started JobPlatformApplicationTests in 0.946 seconds (process running for 1.341)
]]></system-out>
    <system-err><![CDATA[Mockito is currently self-attaching to enable the inline-mock-maker. This will no longer work in future releases of the JDK. Please add Mockito as an agent to your build as described in Mockito's documentation: https://javadoc.io/doc/org.mockito/mockito-core/latest/org.mockito/org/mockito/Mockito.html#0.3
WARNING: A Java agent has been loaded dynamically (/Users/varundandamudi/.m2/repository/net/bytebuddy/byte-buddy-agent/1.17.6/byte-buddy-agent-1.17.6.jar)
WARNING: If a serviceability tool is in use, please run with -XX:+EnableDynamicAgentLoading to hide this warning
WARNING: If a serviceability tool is not in use, please run with -Djdk.instrument.traceUsage for more information
WARNING: Dynamic loading of agents will be disallowed by default in a future release
]]></system-err>
  </testcase>
</testsuite>